\BOOKMARK [1][-]{section.1}{\376\377\176\352\213\272}{}% 1
\BOOKMARK [2][-]{subsection.1.1}{\376\377\170\024\172\166\200\314\146\157\123\312\145\207\163\056\176\374\217\360}{section.1}% 2
\BOOKMARK [2][-]{subsection.1.2}{\376\377\170\024\172\166\141\017\116\111\123\312\122\033\145\260\116\113\131\004}{section.1}% 3
\BOOKMARK [2][-]{subsection.1.3}{\376\377\147\054\145\207\176\323\147\204\133\211\143\222}{section.1}% 4
\BOOKMARK [1][-]{section.2}{\376\377\173\046\123\367\133\232\116\111\123\312\152\041\127\213\120\107\213\276}{}% 5
\BOOKMARK [2][-]{subsection.2.1}{\376\377\173\046\123\367\133\232\116\111}{section.2}% 6
\BOOKMARK [2][-]{subsection.2.2}{\376\377\123\232\134\076\176\277\140\047\200\001\206\116\147\072\121\263\173\126\152\041\127\213}{section.2}% 7
\BOOKMARK [1][-]{section.3}{\376\377\122\051\165\050\000p\226\066\167\351\117\341\140\157\166\204\176\277\140\047\200\001\206\116\147\072\173\227\154\325\000\050\000P\000H\000O\000\051}{}% 8
\BOOKMARK [1][-]{section.4}{\376\377\164\006\213\272\122\006\147\220}{}% 9
\BOOKMARK [2][-]{subsection.4.1}{\376\377\173\227\154\325\220\127\141\276\116\012\165\114}{section.4}% 10
\BOOKMARK [2][-]{subsection.4.2}{\376\377\164\006\213\272\176\323\147\234\166\204\211\343\213\373}{section.4}% 11
\BOOKMARK [1][-]{section.5}{\376\377\176\323\213\272\116\016\134\125\147\033}{}% 12
\BOOKMARK [2][-]{subsection.5.1}{\376\377\170\024\172\166\176\323\213\272}{section.5}% 13
\BOOKMARK [2][-]{subsection.5.2}{\376\377\147\052\147\145\134\125\147\033}{section.5}% 14
\BOOKMARK [1][-]{appendix.A}{\376\377\226\104\137\125}{}% 15
\BOOKMARK [2][-]{subsection.A.1}{\376\377\213\301\146\016\217\307\172\013\142\100\227\000\116\015\173\111\137\017\123\312\173\046\123\367\133\232\116\111}{appendix.A}% 16
\BOOKMARK [2][-]{subsection.A.2}{\376\377\137\025\164\006\0004\000.\0001\166\204\213\301\146\016}{appendix.A}% 17
\BOOKMARK [2][-]{subsection.A.3}{\376\377\137\025\164\006\0004\000.\0002\166\204\213\301\146\016}{appendix.A}% 18
\BOOKMARK [2][-]{subsection.A.4}{\376\377\137\025\164\006\0004\000.\0003\166\204\213\301\146\016}{appendix.A}% 19
\BOOKMARK [1][-]{section*.2}{\376\377\123\302\200\003\145\207\163\056}{}% 20
